#-----------------------------------------------------------
# Vivado v2019.1 (64-bit)
# SW Build 2552052 on Fri May 24 14:49:42 MDT 2019
# IP Build 2548770 on Fri May 24 18:01:18 MDT 2019
# Start of session at: Mon Sep 19 16:26:39 2022
# Process ID: 2628
# Current directory: C:/Users/Damien/Downloads/Y3S1/CG3207/Lab/Lab1_MON_A0223892Y/Lab1_MON_A0223892Y/ProjectOne.xpr/ProjectOne
# Command line: vivado.exe -gui_launcher_event rodinguilauncherevent12700 C:\Users\Damien\Downloads\Y3S1\CG3207\Lab\Lab1_MON_A0223892Y\Lab1_MON_A0223892Y\ProjectOne.xpr\ProjectOne\ProjectOne.xpr
# Log file: C:/Users/Damien/Downloads/Y3S1/CG3207/Lab/Lab1_MON_A0223892Y/Lab1_MON_A0223892Y/ProjectOne.xpr/ProjectOne/vivado.log
# Journal file: C:/Users/Damien/Downloads/Y3S1/CG3207/Lab/Lab1_MON_A0223892Y/Lab1_MON_A0223892Y/ProjectOne.xpr/ProjectOne\vivado.jou
#-----------------------------------------------------------
start_gui
open_project C:/Users/Damien/Downloads/Y3S1/CG3207/Lab/Lab1_MON_A0223892Y/Lab1_MON_A0223892Y/ProjectOne.xpr/ProjectOne/ProjectOne.xpr
INFO: [ProjectBase 1-489] The host OS only allows 260 characters in a normal path. The project is stored in a path with more than 80 characters. If you experience issues with IP, Block Designs, or files not being found, please consider moving the project to a location with a shorter path. Alternately consider using the OS subst command to map part of the path to a drive letter.
Current project path is 'C:/Users/Damien/Downloads/Y3S1/CG3207/Lab/Lab1_MON_A0223892Y/Lab1_MON_A0223892Y/ProjectOne.xpr/ProjectOne'
INFO: [Project 1-313] Project file moved from 'C:/Users/Damien/Downloads/Lab1_MON_A0223892Y/Lab1_MON_A0223892Y/ProjectOne.xpr/ProjectOne' since last save.
Scanning sources...
Finished scanning sources
INFO: [IP_Flow 19-234] Refreshing IP repositories
INFO: [IP_Flow 19-1704] No user IP repositories specified
INFO: [IP_Flow 19-2313] Loaded Vivado IP repository 'C:/Xilinx/Vivado/2019.1/data/ip'.
update_compile_order -fileset sources_1
exit
INFO: [Common 17-206] Exiting Vivado at Mon Sep 19 16:30:01 2022...
