
*** Running vivado
    with args -log Top.vds -m64 -product Vivado -mode batch -messageDb vivado.pb -notrace -source Top.tcl


****** Vivado v2019.1 (64-bit)
  **** SW Build 2552052 on Fri May 24 14:49:42 MDT 2019
  **** IP Build 2548770 on Fri May 24 18:01:18 MDT 2019
    ** Copyright 1986-2019 Xilinx, Inc. All Rights Reserved.

source Top.tcl -notrace
Command: synth_design -top Top -part xc7a100tcsg324-1
Starting synth_design
Attempting to get a license for feature 'Synthesis' and/or device 'xc7a100t'
INFO: [Common 17-349] Got license for feature 'Synthesis' and/or device 'xc7a100t'
INFO: [Device 21-403] Loading part xc7a100tcsg324-1
INFO: Launching helper process for spawning children vivado processes
INFO: Helper process launched with PID 3140 
---------------------------------------------------------------------------------
Starting RTL Elaboration : Time (s): cpu = 00:00:06 ; elapsed = 00:00:05 . Memory (MB): peak = 743.113 ; gain = 178.012
---------------------------------------------------------------------------------
INFO: [Synth 8-6157] synthesizing module 'Top' [C:/Users/Damien/Downloads/Lab_1_Template/Top_Nexys.v:10]
INFO: [Synth 8-6157] synthesizing module 'Clock_Enable' [C:/Users/Damien/Downloads/Lab_1_Template/Clock_Enable.v:7]
INFO: [Synth 8-6155] done synthesizing module 'Clock_Enable' (1#1) [C:/Users/Damien/Downloads/Lab_1_Template/Clock_Enable.v:7]
INFO: [Synth 8-6157] synthesizing module 'Get_MEM' [C:/Users/Damien/Downloads/Lab_1_Template/Get_MEM.v:10]
INFO: [Synth 8-6155] done synthesizing module 'Get_MEM' (2#1) [C:/Users/Damien/Downloads/Lab_1_Template/Get_MEM.v:10]
INFO: [Synth 8-6157] synthesizing module 'LED_Control' [C:/Users/Damien/ProjectOne/ProjectOne.srcs/sources_1/new/LED_Control.v:23]
INFO: [Synth 8-6155] done synthesizing module 'LED_Control' (3#1) [C:/Users/Damien/ProjectOne/ProjectOne.srcs/sources_1/new/LED_Control.v:23]
WARNING: [Synth 8-3848] Net dp in module/entity Top does not have driver. [C:/Users/Damien/Downloads/Lab_1_Template/Top_Nexys.v:15]
WARNING: [Synth 8-3848] Net anode in module/entity Top does not have driver. [C:/Users/Damien/Downloads/Lab_1_Template/Top_Nexys.v:16]
WARNING: [Synth 8-3848] Net cathode in module/entity Top does not have driver. [C:/Users/Damien/Downloads/Lab_1_Template/Top_Nexys.v:17]
INFO: [Synth 8-6155] done synthesizing module 'Top' (4#1) [C:/Users/Damien/Downloads/Lab_1_Template/Top_Nexys.v:10]
WARNING: [Synth 8-3331] design Top has unconnected port dp
WARNING: [Synth 8-3331] design Top has unconnected port anode[7]
WARNING: [Synth 8-3331] design Top has unconnected port anode[6]
WARNING: [Synth 8-3331] design Top has unconnected port anode[5]
WARNING: [Synth 8-3331] design Top has unconnected port anode[4]
WARNING: [Synth 8-3331] design Top has unconnected port anode[3]
WARNING: [Synth 8-3331] design Top has unconnected port anode[2]
WARNING: [Synth 8-3331] design Top has unconnected port anode[1]
WARNING: [Synth 8-3331] design Top has unconnected port anode[0]
WARNING: [Synth 8-3331] design Top has unconnected port cathode[6]
WARNING: [Synth 8-3331] design Top has unconnected port cathode[5]
WARNING: [Synth 8-3331] design Top has unconnected port cathode[4]
WARNING: [Synth 8-3331] design Top has unconnected port cathode[3]
WARNING: [Synth 8-3331] design Top has unconnected port cathode[2]
WARNING: [Synth 8-3331] design Top has unconnected port cathode[1]
WARNING: [Synth 8-3331] design Top has unconnected port cathode[0]
---------------------------------------------------------------------------------
Finished RTL Elaboration : Time (s): cpu = 00:00:07 ; elapsed = 00:00:07 . Memory (MB): peak = 806.773 ; gain = 241.672
---------------------------------------------------------------------------------

Report Check Netlist: 
+------+------------------+-------+---------+-------+------------------+
|      |Item              |Errors |Warnings |Status |Description       |
+------+------------------+-------+---------+-------+------------------+
|1     |multi_driven_nets |      0|        0|Passed |Multi driven nets |
+------+------------------+-------+---------+-------+------------------+
---------------------------------------------------------------------------------
Start Handling Custom Attributes
---------------------------------------------------------------------------------
---------------------------------------------------------------------------------
Finished Handling Custom Attributes : Time (s): cpu = 00:00:08 ; elapsed = 00:00:08 . Memory (MB): peak = 806.773 ; gain = 241.672
---------------------------------------------------------------------------------
---------------------------------------------------------------------------------
Finished RTL Optimization Phase 1 : Time (s): cpu = 00:00:08 ; elapsed = 00:00:08 . Memory (MB): peak = 806.773 ; gain = 241.672
---------------------------------------------------------------------------------
INFO: [Project 1-570] Preparing netlist for logic optimization

Processing XDC Constraints
Initializing timing engine
Parsing XDC File [C:/Users/Damien/Downloads/Lab_1_Template/Nexys4_Master_Lab1.xdc]
Finished Parsing XDC File [C:/Users/Damien/Downloads/Lab_1_Template/Nexys4_Master_Lab1.xdc]
INFO: [Project 1-236] Implementation specific constraints were found while reading constraint file [C:/Users/Damien/Downloads/Lab_1_Template/Nexys4_Master_Lab1.xdc]. These constraints will be ignored for synthesis but will be used in implementation. Impacted constraints are listed in the file [.Xil/Top_propImpl.xdc].
Resolution: To avoid this warning, move constraints listed in [.Xil/Top_propImpl.xdc] to another XDC file and exclude this new file from synthesis with the used_in_synthesis property (File Properties dialog in GUI) and re-run elaboration/synthesis.
Completed Processing XDC Constraints

Netlist sorting complete. Time (s): cpu = 00:00:00 ; elapsed = 00:00:00.001 . Memory (MB): peak = 927.035 ; gain = 0.000
INFO: [Project 1-111] Unisim Transformation Summary:
No Unisim elements were transformed.

Constraint Validation Runtime : Time (s): cpu = 00:00:00 ; elapsed = 00:00:00.007 . Memory (MB): peak = 927.035 ; gain = 0.000
---------------------------------------------------------------------------------
Finished Constraint Validation : Time (s): cpu = 00:00:16 ; elapsed = 00:00:17 . Memory (MB): peak = 927.035 ; gain = 361.934
---------------------------------------------------------------------------------
---------------------------------------------------------------------------------
Start Loading Part and Timing Information
---------------------------------------------------------------------------------
Loading part: xc7a100tcsg324-1
---------------------------------------------------------------------------------
Finished Loading Part and Timing Information : Time (s): cpu = 00:00:16 ; elapsed = 00:00:17 . Memory (MB): peak = 927.035 ; gain = 361.934
---------------------------------------------------------------------------------
---------------------------------------------------------------------------------
Start Applying 'set_property' XDC Constraints
---------------------------------------------------------------------------------
---------------------------------------------------------------------------------
Finished applying 'set_property' XDC Constraints : Time (s): cpu = 00:00:17 ; elapsed = 00:00:17 . Memory (MB): peak = 927.035 ; gain = 361.934
---------------------------------------------------------------------------------
INFO: [Synth 8-5546] ROM "INSTR_MEM" won't be mapped to RAM because it is too sparse
INFO: [Synth 8-5546] ROM "DATA_CONST_MEM" won't be mapped to RAM because it is too sparse
---------------------------------------------------------------------------------
Finished RTL Optimization Phase 2 : Time (s): cpu = 00:00:17 ; elapsed = 00:00:18 . Memory (MB): peak = 927.035 ; gain = 361.934
---------------------------------------------------------------------------------

Report RTL Partitions: 
+-+--------------+------------+----------+
| |RTL Partition |Replication |Instances |
+-+--------------+------------+----------+
+-+--------------+------------+----------+
---------------------------------------------------------------------------------
Start RTL Component Statistics 
---------------------------------------------------------------------------------
Detailed RTL Component Info : 
+---Adders : 
	   2 Input     32 Bit       Adders := 2     
	   2 Input      7 Bit       Adders := 1     
+---Registers : 
	               32 Bit    Registers := 3     
	               16 Bit    Registers := 1     
	                9 Bit    Registers := 1     
	                1 Bit    Registers := 6     
+---Muxes : 
	   2 Input     32 Bit        Muxes := 3     
	 129 Input     32 Bit        Muxes := 2     
	   2 Input     16 Bit        Muxes := 1     
	   3 Input      8 Bit        Muxes := 1     
	   2 Input      1 Bit        Muxes := 1     
---------------------------------------------------------------------------------
Finished RTL Component Statistics 
---------------------------------------------------------------------------------
---------------------------------------------------------------------------------
Start RTL Hierarchical Component Statistics 
---------------------------------------------------------------------------------
Hierarchical RTL Component report 
Module Clock_Enable 
Detailed RTL Component Info : 
+---Adders : 
	   2 Input     32 Bit       Adders := 2     
+---Registers : 
	               32 Bit    Registers := 2     
	                1 Bit    Registers := 3     
+---Muxes : 
	   2 Input     32 Bit        Muxes := 2     
Module Get_MEM 
Detailed RTL Component Info : 
+---Adders : 
	   2 Input      7 Bit       Adders := 1     
+---Registers : 
	               32 Bit    Registers := 1     
	                9 Bit    Registers := 1     
	                1 Bit    Registers := 3     
+---Muxes : 
	 129 Input     32 Bit        Muxes := 2     
	   2 Input     32 Bit        Muxes := 1     
	   3 Input      8 Bit        Muxes := 1     
	   2 Input      1 Bit        Muxes := 1     
Module LED_Control 
Detailed RTL Component Info : 
+---Registers : 
	               16 Bit    Registers := 1     
+---Muxes : 
	   2 Input     16 Bit        Muxes := 1     
---------------------------------------------------------------------------------
Finished RTL Hierarchical Component Statistics
---------------------------------------------------------------------------------
---------------------------------------------------------------------------------
Start Part Resource Summary
---------------------------------------------------------------------------------
Part Resources:
DSPs: 240 (col length:80)
BRAMs: 270 (col length: RAMB18 80 RAMB36 40)
---------------------------------------------------------------------------------
Finished Part Resource Summary
---------------------------------------------------------------------------------
---------------------------------------------------------------------------------
Start Cross Boundary and Area Optimization
---------------------------------------------------------------------------------
Warning: Parallel synthesis criteria is not met 
WARNING: [Synth 8-3331] design Top has unconnected port dp
WARNING: [Synth 8-3331] design Top has unconnected port anode[7]
WARNING: [Synth 8-3331] design Top has unconnected port anode[6]
WARNING: [Synth 8-3331] design Top has unconnected port anode[5]
WARNING: [Synth 8-3331] design Top has unconnected port anode[4]
WARNING: [Synth 8-3331] design Top has unconnected port anode[3]
WARNING: [Synth 8-3331] design Top has unconnected port anode[2]
WARNING: [Synth 8-3331] design Top has unconnected port anode[1]
WARNING: [Synth 8-3331] design Top has unconnected port anode[0]
WARNING: [Synth 8-3331] design Top has unconnected port cathode[6]
WARNING: [Synth 8-3331] design Top has unconnected port cathode[5]
WARNING: [Synth 8-3331] design Top has unconnected port cathode[4]
WARNING: [Synth 8-3331] design Top has unconnected port cathode[3]
WARNING: [Synth 8-3331] design Top has unconnected port cathode[2]
WARNING: [Synth 8-3331] design Top has unconnected port cathode[1]
WARNING: [Synth 8-3331] design Top has unconnected port cathode[0]
---------------------------------------------------------------------------------
Finished Cross Boundary and Area Optimization : Time (s): cpu = 00:00:20 ; elapsed = 00:00:21 . Memory (MB): peak = 927.035 ; gain = 361.934
---------------------------------------------------------------------------------

Report RTL Partitions: 
+-+--------------+------------+----------+
| |RTL Partition |Replication |Instances |
+-+--------------+------------+----------+
+-+--------------+------------+----------+
---------------------------------------------------------------------------------
Start Applying XDC Timing Constraints
---------------------------------------------------------------------------------
---------------------------------------------------------------------------------
Finished Applying XDC Timing Constraints : Time (s): cpu = 00:00:32 ; elapsed = 00:00:32 . Memory (MB): peak = 927.035 ; gain = 361.934
---------------------------------------------------------------------------------
---------------------------------------------------------------------------------
Start Timing Optimization
---------------------------------------------------------------------------------
---------------------------------------------------------------------------------
Finished Timing Optimization : Time (s): cpu = 00:00:32 ; elapsed = 00:00:32 . Memory (MB): peak = 927.035 ; gain = 361.934
---------------------------------------------------------------------------------

Report RTL Partitions: 
+-+--------------+------------+----------+
| |RTL Partition |Replication |Instances |
+-+--------------+------------+----------+
+-+--------------+------------+----------+
---------------------------------------------------------------------------------
Start Technology Mapping
---------------------------------------------------------------------------------
---------------------------------------------------------------------------------
Finished Technology Mapping : Time (s): cpu = 00:00:32 ; elapsed = 00:00:32 . Memory (MB): peak = 928.336 ; gain = 363.234
---------------------------------------------------------------------------------

Report RTL Partitions: 
+-+--------------+------------+----------+
| |RTL Partition |Replication |Instances |
+-+--------------+------------+----------+
+-+--------------+------------+----------+
---------------------------------------------------------------------------------
Start IO Insertion
---------------------------------------------------------------------------------
---------------------------------------------------------------------------------
Start Flattening Before IO Insertion
---------------------------------------------------------------------------------
---------------------------------------------------------------------------------
Finished Flattening Before IO Insertion
---------------------------------------------------------------------------------
---------------------------------------------------------------------------------
Start Final Netlist Cleanup
---------------------------------------------------------------------------------
---------------------------------------------------------------------------------
Finished Final Netlist Cleanup
---------------------------------------------------------------------------------
---------------------------------------------------------------------------------
Finished IO Insertion : Time (s): cpu = 00:00:35 ; elapsed = 00:00:35 . Memory (MB): peak = 934.105 ; gain = 369.004
---------------------------------------------------------------------------------

Report Check Netlist: 
+------+------------------+-------+---------+-------+------------------+
|      |Item              |Errors |Warnings |Status |Description       |
+------+------------------+-------+---------+-------+------------------+
|1     |multi_driven_nets |      0|        0|Passed |Multi driven nets |
+------+------------------+-------+---------+-------+------------------+
---------------------------------------------------------------------------------
Start Renaming Generated Instances
---------------------------------------------------------------------------------
---------------------------------------------------------------------------------
Finished Renaming Generated Instances : Time (s): cpu = 00:00:35 ; elapsed = 00:00:35 . Memory (MB): peak = 934.105 ; gain = 369.004
---------------------------------------------------------------------------------

Report RTL Partitions: 
+-+--------------+------------+----------+
| |RTL Partition |Replication |Instances |
+-+--------------+------------+----------+
+-+--------------+------------+----------+
---------------------------------------------------------------------------------
Start Rebuilding User Hierarchy
---------------------------------------------------------------------------------
---------------------------------------------------------------------------------
Finished Rebuilding User Hierarchy : Time (s): cpu = 00:00:35 ; elapsed = 00:00:35 . Memory (MB): peak = 934.105 ; gain = 369.004
---------------------------------------------------------------------------------
---------------------------------------------------------------------------------
Start Renaming Generated Ports
---------------------------------------------------------------------------------
---------------------------------------------------------------------------------
Finished Renaming Generated Ports : Time (s): cpu = 00:00:35 ; elapsed = 00:00:35 . Memory (MB): peak = 934.105 ; gain = 369.004
---------------------------------------------------------------------------------
---------------------------------------------------------------------------------
Start Handling Custom Attributes
---------------------------------------------------------------------------------
---------------------------------------------------------------------------------
Finished Handling Custom Attributes : Time (s): cpu = 00:00:35 ; elapsed = 00:00:35 . Memory (MB): peak = 934.105 ; gain = 369.004
---------------------------------------------------------------------------------
---------------------------------------------------------------------------------
Start Renaming Generated Nets
---------------------------------------------------------------------------------
---------------------------------------------------------------------------------
Finished Renaming Generated Nets : Time (s): cpu = 00:00:35 ; elapsed = 00:00:35 . Memory (MB): peak = 934.105 ; gain = 369.004
---------------------------------------------------------------------------------
---------------------------------------------------------------------------------
Start Writing Synthesis Report
---------------------------------------------------------------------------------

Report BlackBoxes: 
+-+--------------+----------+
| |BlackBox name |Instances |
+-+--------------+----------+
+-+--------------+----------+

Report Cell Usage: 
+------+-------+------+
|      |Cell   |Count |
+------+-------+------+
|1     |BUFG   |     1|
|2     |CARRY4 |    16|
|3     |LUT1   |     2|
|4     |LUT2   |    14|
|5     |LUT3   |    23|
|6     |LUT4   |    82|
|7     |LUT5   |    23|
|8     |LUT6   |    45|
|9     |MUXF7  |    11|
|10    |FDRE   |   125|
|11    |IBUF   |     3|
|12    |OBUF   |    16|
|13    |OBUFT  |    16|
+------+-------+------+

Report Instance Areas: 
+------+----------------+-------------+------+
|      |Instance        |Module       |Cells |
+------+----------------+-------------+------+
|1     |top             |             |   377|
|2     |  Clock_Enable1 |Clock_Enable |   173|
|3     |  Get_MEM1      |Get_MEM      |   136|
|4     |  LED_Control1  |LED_Control  |    32|
+------+----------------+-------------+------+
---------------------------------------------------------------------------------
Finished Writing Synthesis Report : Time (s): cpu = 00:00:35 ; elapsed = 00:00:35 . Memory (MB): peak = 934.105 ; gain = 369.004
---------------------------------------------------------------------------------
Synthesis finished with 0 errors, 0 critical warnings and 16 warnings.
Synthesis Optimization Runtime : Time (s): cpu = 00:00:24 ; elapsed = 00:00:32 . Memory (MB): peak = 934.105 ; gain = 248.742
Synthesis Optimization Complete : Time (s): cpu = 00:00:35 ; elapsed = 00:00:35 . Memory (MB): peak = 934.105 ; gain = 369.004
INFO: [Project 1-571] Translating synthesized netlist
INFO: [Netlist 29-17] Analyzing 27 Unisim elements for replacement
INFO: [Netlist 29-28] Unisim Transformation completed in 0 CPU seconds
INFO: [Project 1-570] Preparing netlist for logic optimization
INFO: [Opt 31-138] Pushed 0 inverter(s) to 0 load pin(s).
Netlist sorting complete. Time (s): cpu = 00:00:00 ; elapsed = 00:00:00.001 . Memory (MB): peak = 946.840 ; gain = 0.000
INFO: [Project 1-111] Unisim Transformation Summary:
No Unisim elements were transformed.

INFO: [Common 17-83] Releasing license: Synthesis
22 Infos, 35 Warnings, 0 Critical Warnings and 0 Errors encountered.
synth_design completed successfully
synth_design: Time (s): cpu = 00:00:42 ; elapsed = 00:00:44 . Memory (MB): peak = 946.840 ; gain = 652.023
Netlist sorting complete. Time (s): cpu = 00:00:00 ; elapsed = 00:00:00 . Memory (MB): peak = 946.840 ; gain = 0.000
WARNING: [Constraints 18-5210] No constraints selected for write.
Resolution: This message can indicate that there are no constraints for the design, or it can indicate that the used_in flags are set such that the constraints are ignored. This later case is used when running synth_design to not write synthesis constraints to the resulting checkpoint. Instead, project constraints are read when the synthesized design is opened.
INFO: [Common 17-1381] The checkpoint 'C:/Users/Damien/ProjectOne/ProjectOne.runs/synth_1/Top.dcp' has been generated.
INFO: [runtcl-4] Executing : report_utilization -file Top_utilization_synth.rpt -pb Top_utilization_synth.pb
INFO: [Common 17-206] Exiting Vivado at Thu Sep  1 13:39:53 2022...
