#-----------------------------------------------------------
# Vivado v2019.1 (64-bit)
# SW Build 2552052 on Fri May 24 14:49:42 MDT 2019
# IP Build 2548770 on Fri May 24 18:01:18 MDT 2019
# Start of session at: Tue Sep 27 13:55:33 2022
# Process ID: 17896
# Current directory: C:/Users/Damien/CG3207_Labs/Lab 1/Vivado Files
# Command line: vivado.exe -gui_launcher_event rodinguilauncherevent3744 C:\Users\Damien\CG3207_Labs\Lab 1\Vivado Files\Lab 1.xpr
# Log file: C:/Users/Damien/CG3207_Labs/Lab 1/Vivado Files/vivado.log
# Journal file: C:/Users/Damien/CG3207_Labs/Lab 1/Vivado Files\vivado.jou
#-----------------------------------------------------------
start_gui
open_project {C:/Users/Damien/CG3207_Labs/Lab 1/Vivado Files/Lab 1.xpr}
INFO: [Project 1-313] Project file moved from 'C:/Users/Damien/Downloads/Lab 1' since last save.
Scanning sources...
Finished scanning sources
INFO: [IP_Flow 19-234] Refreshing IP repositories
INFO: [IP_Flow 19-1704] No user IP repositories specified
INFO: [IP_Flow 19-2313] Loaded Vivado IP repository 'C:/Xilinx/Vivado/2019.1/data/ip'.
open_project: Time (s): cpu = 00:00:19 ; elapsed = 00:00:07 . Memory (MB): peak = 774.914 ; gain = 147.621
update_compile_order -fileset sources_1
exit
INFO: [Common 17-206] Exiting Vivado at Tue Sep 27 13:56:07 2022...
